Using pre-set license
Built from '2021.1/staging' branch; Version is '2021.1.21f1 (f2d5d3c59f8c) revision 15914451'; Using compiler version '192528614'; Build Type 'Release'
OS: 'Windows 10 Home; OS build 19042.1165; Version 2009; 64bit' Language: 'en' Physical Memory: 7991 MB
BatchMode: 1, IsHumanControllingUs: 0, StartBugReporterOnCrash: 0, Is64bit: 1, IsPro: 0

COMMAND LINE ARGUMENTS:
C:\Program Files\Unity\Hub\Editor\2021.1.21f1\Editor\Unity.exe
-adb2
-batchMode
-noUpm
-name
AssetImportWorker0
-projectPath
C:/Users/soder/Projects/Petter-Imp-Game-2
-logFile
Logs/AssetImportWorker0.log
-srvPort
56269
Successfully changed project path to: C:/Users/soder/Projects/Petter-Imp-Game-2
C:/Users/soder/Projects/Petter-Imp-Game-2
Using Asset Import Pipeline V2.
Refreshing native plugins compatible for Editor in 309.01 ms, found 3 plugins.
Preloading 0 native plugins for Editor in 0.00 ms.
Initialize engine version: 2021.1.21f1 (f2d5d3c59f8c)
[Subsystems] Discovering subsystems at path C:/Program Files/Unity/Hub/Editor/2021.1.21f1/Editor/Data/Resources/UnitySubsystems
[Subsystems] Discovering subsystems at path C:/Users/soder/Projects/Petter-Imp-Game-2/Assets
GfxDevice: creating device client; threaded=0; jobified=0
Direct3D:
    Version:  Direct3D 11.0 [level 11.1]
    Renderer: Intel(R) UHD Graphics (ID=0x9a78)
    Vendor:   Intel
    VRAM:     3995 MB
    Driver:   27.20.100.9565
Initialize mono
Mono path[0] = 'C:/Program Files/Unity/Hub/Editor/2021.1.21f1/Editor/Data/Managed'
Mono path[1] = 'C:/Program Files/Unity/Hub/Editor/2021.1.21f1/Editor/Data/MonoBleedingEdge/lib/mono/unityjit'
Mono config path = 'C:/Program Files/Unity/Hub/Editor/2021.1.21f1/Editor/Data/MonoBleedingEdge/etc'
Using monoOptions --debugger-agent=transport=dt_socket,embedding=1,server=y,suspend=n,address=127.0.0.1:56804
Begin MonoManager ReloadAssembly
Registering precompiled unity dll's ...
Register platform support module: C:/Program Files/Unity/Hub/Editor/2021.1.21f1/Editor/Data/PlaybackEngines/WindowsStandaloneSupport/UnityEditor.WindowsStandalone.Extensions.dll
Registered in 0.006380 seconds.
Native extension for WindowsStandalone target not found
Refreshing native plugins compatible for Editor in 274.64 ms, found 3 plugins.
Preloading 0 native plugins for Editor in 0.00 ms.
Mono: successfully reloaded assembly
- Completed reload, in  3.915 seconds
Domain Reload Profiling:
	ReloadAssembly (3915ms)
		BeginReloadAssembly (210ms)
			ExecutionOrderSort (0ms)
			DisableScriptedObjects (0ms)
			BackupInstance (0ms)
			ReleaseScriptingObjects (0ms)
			CreateAndSetChildDomain (2ms)
		EndReloadAssembly (1516ms)
			LoadAssemblies (203ms)
			RebuildTransferFunctionScriptingTraits (0ms)
			SetupTypeCache (531ms)
			ReleaseScriptCaches (0ms)
			RebuildScriptCaches (90ms)
			SetupLoadedEditorAssemblies (747ms)
				LogAssemblyErrors (0ms)
				InitializePlatformSupportModulesInManaged (21ms)
				SetLoadedEditorAssemblies (1ms)
				RefreshPlugins (275ms)
				BeforeProcessingInitializeOnLoad (4ms)
				ProcessInitializeOnLoadAttributes (350ms)
				ProcessInitializeOnLoadMethodAttributes (96ms)
				AfterProcessingInitializeOnLoad (0ms)
				EditorAssembliesLoaded (1ms)
			ExecutionOrderSort2 (0ms)
			AwakeInstancesAfterBackupRestoration (0ms)
Platform modules already initialized, skipping
Registering precompiled user dll's ...
Registered in 0.014481 seconds.
Begin MonoManager ReloadAssembly
Symbol file LoadedFromMemory doesn't match image C:\Users\soder\Projects\Petter-Imp-Game-2\Library\PackageCache\com.unity.visualscripting@1.6.1\Editor\VisualScripting.Core\Dependencies\YamlDotNet\Unity.VisualScripting.YamlDotNet.dll
Symbol file LoadedFromMemory doesn't match image C:\Users\soder\Projects\Petter-Imp-Game-2\Library\PackageCache\com.unity.visualscripting@1.6.1\Editor\VisualScripting.Core\Dependencies\DotNetZip\Unity.VisualScripting.IonicZip.dll
Native extension for WindowsStandalone target not found
Refreshing native plugins compatible for Editor in 1.55 ms, found 3 plugins.
Preloading 0 native plugins for Editor in 0.00 ms.
Mono: successfully reloaded assembly
- Completed reload, in  3.753 seconds
Domain Reload Profiling:
	ReloadAssembly (3755ms)
		BeginReloadAssembly (519ms)
			ExecutionOrderSort (0ms)
			DisableScriptedObjects (11ms)
			BackupInstance (0ms)
			ReleaseScriptingObjects (0ms)
			CreateAndSetChildDomain (55ms)
		EndReloadAssembly (2995ms)
			LoadAssemblies (307ms)
			RebuildTransferFunctionScriptingTraits (0ms)
			SetupTypeCache (1104ms)
			ReleaseScriptCaches (1ms)
			RebuildScriptCaches (149ms)
			SetupLoadedEditorAssemblies (1139ms)
				LogAssemblyErrors (0ms)
				InitializePlatformSupportModulesInManaged (16ms)
				SetLoadedEditorAssemblies (1ms)
				RefreshPlugins (2ms)
				BeforeProcessingInitializeOnLoad (274ms)
				ProcessInitializeOnLoadAttributes (808ms)
				ProcessInitializeOnLoadMethodAttributes (16ms)
				AfterProcessingInitializeOnLoad (21ms)
				EditorAssembliesLoaded (1ms)
			ExecutionOrderSort2 (0ms)
			AwakeInstancesAfterBackupRestoration (24ms)
Platform modules already initialized, skipping
========================================================================
Worker process is ready to serve import requests
Launched and connected shader compiler UnityShaderCompiler.exe after 0.12 seconds
Refreshing native plugins compatible for Editor in 1.82 ms, found 3 plugins.
Preloading 0 native plugins for Editor in 0.00 ms.
Unloading 2949 Unused Serialized files (Serialized files now loaded: 0)
System memory in use before: 106.2 MB.
System memory in use after: 106.4 MB.

Unloading 20 unused Assets to reduce memory usage. Loaded Objects now: 3399.
Total: 7.933000 ms (FindLiveObjects: 0.516800 ms CreateObjectMapping: 0.316700 ms MarkObjects: 6.903500 ms  DeleteObjects: 0.193100 ms)

AssetImportParameters requested are different than current active one (requested -> active):
  custom:framework-win-MediaFoundation: 216162199b28c13a410421893ffa2e32 -> 
  custom:video-decoder-ogg-theora: a1e56fd34408186e4bbccfd4996cb3dc -> 
  custom:container-muxer-webm: aa71ff27fc2769a1b78a27578f13a17b -> 
  custom:container-demuxer-webm: 4f35f7cbe854078d1ac9338744f61a02 -> 
  custom:container-demuxer-ogg: 62fdf1f143b41e24485cea50d1cbac27 -> 
  custom:video-encoder-webm-vp8: eb34c28f22e8b96e1ab97ce403110664 -> 
  custom:video-codec-MediaFoundation-h265: 746d11721c4dcdbdad8f713fa42b33f4 -> 
  custom:video-decoder-webm-vp8: 9c59270c3fd7afecdb556c50c9e8de78 -> 
  custom:audio-decoder-ogg-vorbis: bf7c407c2cedff20999df2af8eb42d56 -> 
  custom:audio-encoder-webm-vorbis: bf7c407c2cedff20999df2af8eb42d56 -> 
========================================================================
Received Import Request.
  path: Assets/ScriptGraph/You win!.asset
  artifactKey: Guid(e6a385d95a2394047a61443916f604de) Importer(815301076,1909f56bfc062723c751e8b465ee728b)
Start importing Assets/ScriptGraph/You win!.asset using Guid(e6a385d95a2394047a61443916f604de) Importer(815301076,1909f56bfc062723c751e8b465ee728b)  -> (artifact id: 'ed929206baf20dee0f8cece687781437') in 1.629331 seconds 
========================================================================
Received Prepare
Registering precompiled user dll's ...
Registered in 0.011743 seconds.
Begin MonoManager ReloadAssembly
Symbol file LoadedFromMemory doesn't match image C:\Users\soder\Projects\Petter-Imp-Game-2\Library\PackageCache\com.unity.visualscripting@1.6.1\Editor\VisualScripting.Core\Dependencies\YamlDotNet\Unity.VisualScripting.YamlDotNet.dll
Symbol file LoadedFromMemory doesn't match image C:\Users\soder\Projects\Petter-Imp-Game-2\Library\PackageCache\com.unity.visualscripting@1.6.1\Editor\VisualScripting.Core\Dependencies\DotNetZip\Unity.VisualScripting.IonicZip.dll
Native extension for WindowsStandalone target not found
Refreshing native plugins compatible for Editor in 0.61 ms, found 3 plugins.
Preloading 0 native plugins for Editor in 0.00 ms.
Mono: successfully reloaded assembly
- Completed reload, in  2.367 seconds
Domain Reload Profiling:
	ReloadAssembly (2367ms)
		BeginReloadAssembly (349ms)
			ExecutionOrderSort (0ms)
			DisableScriptedObjects (8ms)
			BackupInstance (0ms)
			ReleaseScriptingObjects (0ms)
			CreateAndSetChildDomain (153ms)
		EndReloadAssembly (1841ms)
			LoadAssemblies (276ms)
			RebuildTransferFunctionScriptingTraits (0ms)
			SetupTypeCache (877ms)
			ReleaseScriptCaches (1ms)
			RebuildScriptCaches (36ms)
			SetupLoadedEditorAssemblies (606ms)
				LogAssemblyErrors (0ms)
				InitializePlatformSupportModulesInManaged (4ms)
				SetLoadedEditorAssemblies (0ms)
				RefreshPlugins (1ms)
				BeforeProcessingInitializeOnLoad (44ms)
				ProcessInitializeOnLoadAttributes (523ms)
				ProcessInitializeOnLoadMethodAttributes (15ms)
				AfterProcessingInitializeOnLoad (20ms)
				EditorAssembliesLoaded (1ms)
			ExecutionOrderSort2 (0ms)
			AwakeInstancesAfterBackupRestoration (26ms)
Platform modules already initialized, skipping
Refreshing native plugins compatible for Editor in 0.93 ms, found 3 plugins.
Preloading 0 native plugins for Editor in 0.00 ms.
Unloading 2943 Unused Serialized files (Serialized files now loaded: 0)
System memory in use before: 106.1 MB.
System memory in use after: 106.3 MB.

Unloading 15 unused Assets to reduce memory usage. Loaded Objects now: 3401.
Total: 15.976600 ms (FindLiveObjects: 5.680700 ms CreateObjectMapping: 0.726300 ms MarkObjects: 9.507800 ms  DeleteObjects: 0.059000 ms)

AssetImportParameters requested are different than current active one (requested -> active):
  custom:framework-win-MediaFoundation: 216162199b28c13a410421893ffa2e32 -> 
  custom:video-decoder-ogg-theora: a1e56fd34408186e4bbccfd4996cb3dc -> 
  custom:container-muxer-webm: aa71ff27fc2769a1b78a27578f13a17b -> 
  custom:container-demuxer-webm: 4f35f7cbe854078d1ac9338744f61a02 -> 
  custom:container-demuxer-ogg: 62fdf1f143b41e24485cea50d1cbac27 -> 
  custom:video-encoder-webm-vp8: eb34c28f22e8b96e1ab97ce403110664 -> 
  custom:video-codec-MediaFoundation-h265: 746d11721c4dcdbdad8f713fa42b33f4 -> 
  custom:video-decoder-webm-vp8: 9c59270c3fd7afecdb556c50c9e8de78 -> 
  custom:audio-decoder-ogg-vorbis: bf7c407c2cedff20999df2af8eb42d56 -> 
  custom:audio-encoder-webm-vorbis: bf7c407c2cedff20999df2af8eb42d56 -> 
========================================================================
Received Prepare
Registering precompiled user dll's ...
Registered in 0.021595 seconds.
Begin MonoManager ReloadAssembly
Symbol file LoadedFromMemory doesn't match image C:\Users\soder\Projects\Petter-Imp-Game-2\Library\PackageCache\com.unity.visualscripting@1.6.1\Editor\VisualScripting.Core\Dependencies\YamlDotNet\Unity.VisualScripting.YamlDotNet.dll
Symbol file LoadedFromMemory doesn't match image C:\Users\soder\Projects\Petter-Imp-Game-2\Library\PackageCache\com.unity.visualscripting@1.6.1\Editor\VisualScripting.Core\Dependencies\DotNetZip\Unity.VisualScripting.IonicZip.dll
Native extension for WindowsStandalone target not found
Refreshing native plugins compatible for Editor in 1.88 ms, found 3 plugins.
Preloading 0 native plugins for Editor in 0.00 ms.
Mono: successfully reloaded assembly
- Completed reload, in  3.627 seconds
Domain Reload Profiling:
	ReloadAssembly (3629ms)
		BeginReloadAssembly (346ms)
			ExecutionOrderSort (0ms)
			DisableScriptedObjects (17ms)
			BackupInstance (0ms)
			ReleaseScriptingObjects (1ms)
			CreateAndSetChildDomain (107ms)
		EndReloadAssembly (3078ms)
			LoadAssemblies (307ms)
			RebuildTransferFunctionScriptingTraits (0ms)
			SetupTypeCache (1237ms)
			ReleaseScriptCaches (4ms)
			RebuildScriptCaches (147ms)
			SetupLoadedEditorAssemblies (1006ms)
				LogAssemblyErrors (0ms)
				InitializePlatformSupportModulesInManaged (20ms)
				SetLoadedEditorAssemblies (2ms)
				RefreshPlugins (2ms)
				BeforeProcessingInitializeOnLoad (211ms)
				ProcessInitializeOnLoadAttributes (739ms)
				ProcessInitializeOnLoadMethodAttributes (13ms)
				AfterProcessingInitializeOnLoad (18ms)
				EditorAssembliesLoaded (1ms)
			ExecutionOrderSort2 (0ms)
			AwakeInstancesAfterBackupRestoration (23ms)
Platform modules already initialized, skipping
Refreshing native plugins compatible for Editor in 1.65 ms, found 3 plugins.
Preloading 0 native plugins for Editor in 0.00 ms.
Unloading 2943 Unused Serialized files (Serialized files now loaded: 0)
System memory in use before: 106.2 MB.
System memory in use after: 106.4 MB.

Unloading 15 unused Assets to reduce memory usage. Loaded Objects now: 3403.
Total: 7.703900 ms (FindLiveObjects: 0.553600 ms CreateObjectMapping: 0.194800 ms MarkObjects: 6.878300 ms  DeleteObjects: 0.074300 ms)

AssetImportParameters requested are different than current active one (requested -> active):
  custom:framework-win-MediaFoundation: 216162199b28c13a410421893ffa2e32 -> 
  custom:video-decoder-ogg-theora: a1e56fd34408186e4bbccfd4996cb3dc -> 
  custom:container-muxer-webm: aa71ff27fc2769a1b78a27578f13a17b -> 
  custom:container-demuxer-webm: 4f35f7cbe854078d1ac9338744f61a02 -> 
  custom:container-demuxer-ogg: 62fdf1f143b41e24485cea50d1cbac27 -> 
  custom:video-encoder-webm-vp8: eb34c28f22e8b96e1ab97ce403110664 -> 
  custom:video-codec-MediaFoundation-h265: 746d11721c4dcdbdad8f713fa42b33f4 -> 
  custom:video-decoder-webm-vp8: 9c59270c3fd7afecdb556c50c9e8de78 -> 
  custom:audio-decoder-ogg-vorbis: bf7c407c2cedff20999df2af8eb42d56 -> 
  custom:audio-encoder-webm-vorbis: bf7c407c2cedff20999df2af8eb42d56 -> 
========================================================================
Received Import Request.
  Time since last request: 645.408918 seconds.
  path: Assets/ScriptGraph/You lose!.asset
  artifactKey: Guid(8ba86a319200b9f4189a928eb81248bb) Importer(815301076,1909f56bfc062723c751e8b465ee728b)
Start importing Assets/ScriptGraph/You lose!.asset using Guid(8ba86a319200b9f4189a928eb81248bb) Importer(815301076,1909f56bfc062723c751e8b465ee728b)  -> (artifact id: '5d6cd7e9683de9a1f67af21dd9a912d2') in 1.572090 seconds 
========================================================================
Received Import Request.
  Time since last request: 4.098508 seconds.
  path: Assets/Tree.prefab
  artifactKey: Guid(b635844c9219f8f41bb4bb9de14e9cc9) Importer(815301076,1909f56bfc062723c751e8b465ee728b)
Start importing Assets/Tree.prefab using Guid(b635844c9219f8f41bb4bb9de14e9cc9) Importer(815301076,1909f56bfc062723c751e8b465ee728b)  -> (artifact id: '2f0de872272a8cfdd99cb5250fb128f1') in 0.839228 seconds 
========================================================================
Received Import Request.
  Time since last request: 3.422870 seconds.
  path: Assets/Scenes
  artifactKey: Guid(4cc98280d2118194991c8f4f3b3c0293) Importer(815301076,1909f56bfc062723c751e8b465ee728b)
Start importing Assets/Scenes using Guid(4cc98280d2118194991c8f4f3b3c0293) Importer(815301076,1909f56bfc062723c751e8b465ee728b)  -> (artifact id: '213dd7bc1235ce59b50135fd8cc30ec0') in 0.007412 seconds 
========================================================================
Received Import Request.
  Time since last request: 17.302960 seconds.
  path: Assets/Scenes/Swedish Flag.unity
  artifactKey: Guid(cfaddc3fb378ecf4b8c7a56f25229442) Importer(815301076,1909f56bfc062723c751e8b465ee728b)
Start importing Assets/Scenes/Swedish Flag.unity using Guid(cfaddc3fb378ecf4b8c7a56f25229442) Importer(815301076,1909f56bfc062723c751e8b465ee728b)  -> (artifact id: '9bb906cee9ab4c5d72a5c89ec8768140') in 0.010421 seconds 
========================================================================
Received Import Request.
  Time since last request: 1209.158205 seconds.
  path: Assets/Scenes/SampleScene.unity
  artifactKey: Guid(9fc0d4010bbf28b4594072e72b8655ab) Importer(815301076,1909f56bfc062723c751e8b465ee728b)
Start importing Assets/Scenes/SampleScene.unity using Guid(9fc0d4010bbf28b4594072e72b8655ab) Importer(815301076,1909f56bfc062723c751e8b465ee728b)  -> (artifact id: '3980e4fb13fb2eb67d203d5bc2039d89') in 0.010203 seconds 
========================================================================
Received Prepare
Registering precompiled user dll's ...
Registered in 0.013683 seconds.
Begin MonoManager ReloadAssembly
Symbol file LoadedFromMemory doesn't match image C:\Users\soder\Projects\Petter-Imp-Game-2\Library\PackageCache\com.unity.visualscripting@1.6.1\Editor\VisualScripting.Core\Dependencies\YamlDotNet\Unity.VisualScripting.YamlDotNet.dll
Symbol file LoadedFromMemory doesn't match image C:\Users\soder\Projects\Petter-Imp-Game-2\Library\PackageCache\com.unity.visualscripting@1.6.1\Editor\VisualScripting.Core\Dependencies\DotNetZip\Unity.VisualScripting.IonicZip.dll
Native extension for WindowsStandalone target not found
Refreshing native plugins compatible for Editor in 1.30 ms, found 3 plugins.
Preloading 0 native plugins for Editor in 0.00 ms.
Mono: successfully reloaded assembly
- Completed reload, in  2.984 seconds
Domain Reload Profiling:
	ReloadAssembly (2985ms)
		BeginReloadAssembly (374ms)
			ExecutionOrderSort (0ms)
			DisableScriptedObjects (17ms)
			BackupInstance (0ms)
			ReleaseScriptingObjects (0ms)
			CreateAndSetChildDomain (153ms)
		EndReloadAssembly (2408ms)
			LoadAssemblies (292ms)
			RebuildTransferFunctionScriptingTraits (0ms)
			SetupTypeCache (998ms)
			ReleaseScriptCaches (3ms)
			RebuildScriptCaches (113ms)
			SetupLoadedEditorAssemblies (733ms)
				LogAssemblyErrors (0ms)
				InitializePlatformSupportModulesInManaged (15ms)
				SetLoadedEditorAssemblies (1ms)
				RefreshPlugins (1ms)
				BeforeProcessingInitializeOnLoad (161ms)
				ProcessInitializeOnLoadAttributes (526ms)
				ProcessInitializeOnLoadMethodAttributes (10ms)
				AfterProcessingInitializeOnLoad (18ms)
				EditorAssembliesLoaded (0ms)
			ExecutionOrderSort2 (0ms)
			AwakeInstancesAfterBackupRestoration (16ms)
Platform modules already initialized, skipping
Refreshing native plugins compatible for Editor in 1.40 ms, found 3 plugins.
Preloading 0 native plugins for Editor in 0.00 ms.
Unloading 2943 Unused Serialized files (Serialized files now loaded: 0)
System memory in use before: 110.2 MB.
System memory in use after: 110.4 MB.

Unloading 15 unused Assets to reduce memory usage. Loaded Objects now: 3448.
Total: 6.539400 ms (FindLiveObjects: 0.643500 ms CreateObjectMapping: 0.238900 ms MarkObjects: 5.617100 ms  DeleteObjects: 0.037800 ms)

AssetImportParameters requested are different than current active one (requested -> active):
  custom:framework-win-MediaFoundation: 216162199b28c13a410421893ffa2e32 -> 
  custom:video-decoder-ogg-theora: a1e56fd34408186e4bbccfd4996cb3dc -> 
  custom:container-muxer-webm: aa71ff27fc2769a1b78a27578f13a17b -> 
  custom:container-demuxer-webm: 4f35f7cbe854078d1ac9338744f61a02 -> 
  custom:container-demuxer-ogg: 62fdf1f143b41e24485cea50d1cbac27 -> 
  custom:video-encoder-webm-vp8: eb34c28f22e8b96e1ab97ce403110664 -> 
  custom:video-codec-MediaFoundation-h265: 746d11721c4dcdbdad8f713fa42b33f4 -> 
  custom:video-decoder-webm-vp8: 9c59270c3fd7afecdb556c50c9e8de78 -> 
  custom:audio-decoder-ogg-vorbis: bf7c407c2cedff20999df2af8eb42d56 -> 
  custom:audio-encoder-webm-vorbis: bf7c407c2cedff20999df2af8eb42d56 -> 
========================================================================
Received Prepare
Registering precompiled user dll's ...
Registered in 0.012150 seconds.
Begin MonoManager ReloadAssembly
Symbol file LoadedFromMemory doesn't match image C:\Users\soder\Projects\Petter-Imp-Game-2\Library\PackageCache\com.unity.visualscripting@1.6.1\Editor\VisualScripting.Core\Dependencies\YamlDotNet\Unity.VisualScripting.YamlDotNet.dll
Symbol file LoadedFromMemory doesn't match image C:\Users\soder\Projects\Petter-Imp-Game-2\Library\PackageCache\com.unity.visualscripting@1.6.1\Editor\VisualScripting.Core\Dependencies\DotNetZip\Unity.VisualScripting.IonicZip.dll
Native extension for WindowsStandalone target not found
Refreshing native plugins compatible for Editor in 0.89 ms, found 3 plugins.
Preloading 0 native plugins for Editor in 0.00 ms.
Mono: successfully reloaded assembly
- Completed reload, in  3.906 seconds
Domain Reload Profiling:
	ReloadAssembly (3907ms)
		BeginReloadAssembly (413ms)
			ExecutionOrderSort (0ms)
			DisableScriptedObjects (13ms)
			BackupInstance (0ms)
			ReleaseScriptingObjects (0ms)
			CreateAndSetChildDomain (88ms)
		EndReloadAssembly (3159ms)
			LoadAssemblies (569ms)
			RebuildTransferFunctionScriptingTraits (0ms)
			SetupTypeCache (1401ms)
			ReleaseScriptCaches (3ms)
			RebuildScriptCaches (174ms)
			SetupLoadedEditorAssemblies (803ms)
				LogAssemblyErrors (0ms)
				InitializePlatformSupportModulesInManaged (42ms)
				SetLoadedEditorAssemblies (1ms)
				RefreshPlugins (1ms)
				BeforeProcessingInitializeOnLoad (136ms)
				ProcessInitializeOnLoadAttributes (591ms)
				ProcessInitializeOnLoadMethodAttributes (13ms)
				AfterProcessingInitializeOnLoad (18ms)
				EditorAssembliesLoaded (1ms)
			ExecutionOrderSort2 (0ms)
			AwakeInstancesAfterBackupRestoration (20ms)
Platform modules already initialized, skipping
Refreshing native plugins compatible for Editor in 1.28 ms, found 3 plugins.
Preloading 0 native plugins for Editor in 0.00 ms.
Unloading 2943 Unused Serialized files (Serialized files now loaded: 0)
System memory in use before: 110.2 MB.
System memory in use after: 110.4 MB.

Unloading 15 unused Assets to reduce memory usage. Loaded Objects now: 3450.
Total: 11.677200 ms (FindLiveObjects: 0.796700 ms CreateObjectMapping: 0.398700 ms MarkObjects: 10.420000 ms  DeleteObjects: 0.058600 ms)

AssetImportParameters requested are different than current active one (requested -> active):
  custom:framework-win-MediaFoundation: 216162199b28c13a410421893ffa2e32 -> 
  custom:video-decoder-ogg-theora: a1e56fd34408186e4bbccfd4996cb3dc -> 
  custom:container-muxer-webm: aa71ff27fc2769a1b78a27578f13a17b -> 
  custom:container-demuxer-webm: 4f35f7cbe854078d1ac9338744f61a02 -> 
  custom:container-demuxer-ogg: 62fdf1f143b41e24485cea50d1cbac27 -> 
  custom:video-encoder-webm-vp8: eb34c28f22e8b96e1ab97ce403110664 -> 
  custom:video-codec-MediaFoundation-h265: 746d11721c4dcdbdad8f713fa42b33f4 -> 
  custom:video-decoder-webm-vp8: 9c59270c3fd7afecdb556c50c9e8de78 -> 
  custom:audio-decoder-ogg-vorbis: bf7c407c2cedff20999df2af8eb42d56 -> 
  custom:audio-encoder-webm-vorbis: bf7c407c2cedff20999df2af8eb42d56 -> 
========================================================================
Received Prepare
Registering precompiled user dll's ...
Registered in 0.008627 seconds.
Begin MonoManager ReloadAssembly
Symbol file LoadedFromMemory doesn't match image C:\Users\soder\Projects\Petter-Imp-Game-2\Library\PackageCache\com.unity.visualscripting@1.6.1\Editor\VisualScripting.Core\Dependencies\YamlDotNet\Unity.VisualScripting.YamlDotNet.dll
Symbol file LoadedFromMemory doesn't match image C:\Users\soder\Projects\Petter-Imp-Game-2\Library\PackageCache\com.unity.visualscripting@1.6.1\Editor\VisualScripting.Core\Dependencies\DotNetZip\Unity.VisualScripting.IonicZip.dll
Native extension for WindowsStandalone target not found
Refreshing native plugins compatible for Editor in 1.06 ms, found 3 plugins.
Preloading 0 native plugins for Editor in 0.00 ms.
Mono: successfully reloaded assembly
- Completed reload, in  2.056 seconds
Domain Reload Profiling:
	ReloadAssembly (2057ms)
		BeginReloadAssembly (212ms)
			ExecutionOrderSort (0ms)
			DisableScriptedObjects (9ms)
			BackupInstance (0ms)
			ReleaseScriptingObjects (0ms)
			CreateAndSetChildDomain (62ms)
		EndReloadAssembly (1740ms)
			LoadAssemblies (171ms)
			RebuildTransferFunctionScriptingTraits (0ms)
			SetupTypeCache (690ms)
			ReleaseScriptCaches (2ms)
			RebuildScriptCaches (71ms)
			SetupLoadedEditorAssemblies (604ms)
				LogAssemblyErrors (0ms)
				InitializePlatformSupportModulesInManaged (10ms)
				SetLoadedEditorAssemblies (1ms)
				RefreshPlugins (1ms)
				BeforeProcessingInitializeOnLoad (125ms)
				ProcessInitializeOnLoadAttributes (444ms)
				ProcessInitializeOnLoadMethodAttributes (9ms)
				AfterProcessingInitializeOnLoad (13ms)
				EditorAssembliesLoaded (1ms)
			ExecutionOrderSort2 (0ms)
			AwakeInstancesAfterBackupRestoration (14ms)
Platform modules already initialized, skipping
Refreshing native plugins compatible for Editor in 0.86 ms, found 3 plugins.
Preloading 0 native plugins for Editor in 0.00 ms.
Unloading 2943 Unused Serialized files (Serialized files now loaded: 0)
System memory in use before: 110.2 MB.
System memory in use after: 110.4 MB.

Unloading 15 unused Assets to reduce memory usage. Loaded Objects now: 3452.
Total: 5.008700 ms (FindLiveObjects: 0.306200 ms CreateObjectMapping: 0.148800 ms MarkObjects: 4.525000 ms  DeleteObjects: 0.026900 ms)

AssetImportParameters requested are different than current active one (requested -> active):
  custom:framework-win-MediaFoundation: 216162199b28c13a410421893ffa2e32 -> 
  custom:video-decoder-ogg-theora: a1e56fd34408186e4bbccfd4996cb3dc -> 
  custom:container-muxer-webm: aa71ff27fc2769a1b78a27578f13a17b -> 
  custom:container-demuxer-webm: 4f35f7cbe854078d1ac9338744f61a02 -> 
  custom:container-demuxer-ogg: 62fdf1f143b41e24485cea50d1cbac27 -> 
  custom:video-encoder-webm-vp8: eb34c28f22e8b96e1ab97ce403110664 -> 
  custom:video-codec-MediaFoundation-h265: 746d11721c4dcdbdad8f713fa42b33f4 -> 
  custom:video-decoder-webm-vp8: 9c59270c3fd7afecdb556c50c9e8de78 -> 
  custom:audio-decoder-ogg-vorbis: bf7c407c2cedff20999df2af8eb42d56 -> 
  custom:audio-encoder-webm-vorbis: bf7c407c2cedff20999df2af8eb42d56 -> 
========================================================================
Received Import Request.
  Time since last request: 709.396514 seconds.
  path: Assets/Scenes/Swedish Flag.unity
  artifactKey: Guid(cfaddc3fb378ecf4b8c7a56f25229442) Importer(815301076,1909f56bfc062723c751e8b465ee728b)
Start importing Assets/Scenes/Swedish Flag.unity using Guid(cfaddc3fb378ecf4b8c7a56f25229442) Importer(815301076,1909f56bfc062723c751e8b465ee728b)  -> (artifact id: 'ad5533d464c25fc0c0cb7868f5985cb3') in 0.021421 seconds 
========================================================================
Received Import Request.
  Time since last request: 899.100255 seconds.
  path: Assets/Scenes/Swedish Flag.unity
  artifactKey: Guid(cfaddc3fb378ecf4b8c7a56f25229442) Importer(815301076,1909f56bfc062723c751e8b465ee728b)
Start importing Assets/Scenes/Swedish Flag.unity using Guid(cfaddc3fb378ecf4b8c7a56f25229442) Importer(815301076,1909f56bfc062723c751e8b465ee728b)  -> (artifact id: '7712b4b53bc192fa561ff99d6c557d87') in 0.004739 seconds 
========================================================================
Received Prepare
Registering precompiled user dll's ...
Registered in 0.010146 seconds.
Begin MonoManager ReloadAssembly
Symbol file LoadedFromMemory doesn't match image C:\Users\soder\Projects\Petter-Imp-Game-2\Library\PackageCache\com.unity.visualscripting@1.6.1\Editor\VisualScripting.Core\Dependencies\YamlDotNet\Unity.VisualScripting.YamlDotNet.dll
Symbol file LoadedFromMemory doesn't match image C:\Users\soder\Projects\Petter-Imp-Game-2\Library\PackageCache\com.unity.visualscripting@1.6.1\Editor\VisualScripting.Core\Dependencies\DotNetZip\Unity.VisualScripting.IonicZip.dll
Native extension for WindowsStandalone target not found
Refreshing native plugins compatible for Editor in 0.94 ms, found 3 plugins.
Preloading 0 native plugins for Editor in 0.00 ms.
Mono: successfully reloaded assembly
- Completed reload, in  1.879 seconds
Domain Reload Profiling:
	ReloadAssembly (1880ms)
		BeginReloadAssembly (204ms)
			ExecutionOrderSort (0ms)
			DisableScriptedObjects (9ms)
			BackupInstance (0ms)
			ReleaseScriptingObjects (0ms)
			CreateAndSetChildDomain (62ms)
		EndReloadAssembly (1543ms)
			LoadAssemblies (174ms)
			RebuildTransferFunctionScriptingTraits (0ms)
			SetupTypeCache (579ms)
			ReleaseScriptCaches (2ms)
			RebuildScriptCaches (66ms)
			SetupLoadedEditorAssemblies (556ms)
				LogAssemblyErrors (0ms)
				InitializePlatformSupportModulesInManaged (9ms)
				SetLoadedEditorAssemblies (1ms)
				RefreshPlugins (1ms)
				BeforeProcessingInitializeOnLoad (114ms)
				ProcessInitializeOnLoadAttributes (409ms)
				ProcessInitializeOnLoadMethodAttributes (9ms)
				AfterProcessingInitializeOnLoad (12ms)
				EditorAssembliesLoaded (1ms)
			ExecutionOrderSort2 (0ms)
			AwakeInstancesAfterBackupRestoration (13ms)
Platform modules already initialized, skipping
Refreshing native plugins compatible for Editor in 0.89 ms, found 3 plugins.
Preloading 0 native plugins for Editor in 0.00 ms.
Unloading 2943 Unused Serialized files (Serialized files now loaded: 0)
System memory in use before: 110.2 MB.
System memory in use after: 110.5 MB.

Unloading 15 unused Assets to reduce memory usage. Loaded Objects now: 3454.
Total: 5.830800 ms (FindLiveObjects: 0.436000 ms CreateObjectMapping: 0.176100 ms MarkObjects: 5.169800 ms  DeleteObjects: 0.046700 ms)

AssetImportParameters requested are different than current active one (requested -> active):
  custom:framework-win-MediaFoundation: 216162199b28c13a410421893ffa2e32 -> 
  custom:video-decoder-ogg-theora: a1e56fd34408186e4bbccfd4996cb3dc -> 
  custom:container-muxer-webm: aa71ff27fc2769a1b78a27578f13a17b -> 
  custom:container-demuxer-webm: 4f35f7cbe854078d1ac9338744f61a02 -> 
  custom:container-demuxer-ogg: 62fdf1f143b41e24485cea50d1cbac27 -> 
  custom:video-encoder-webm-vp8: eb34c28f22e8b96e1ab97ce403110664 -> 
  custom:video-codec-MediaFoundation-h265: 746d11721c4dcdbdad8f713fa42b33f4 -> 
  custom:video-decoder-webm-vp8: 9c59270c3fd7afecdb556c50c9e8de78 -> 
  custom:audio-decoder-ogg-vorbis: bf7c407c2cedff20999df2af8eb42d56 -> 
  custom:audio-encoder-webm-vorbis: bf7c407c2cedff20999df2af8eb42d56 -> 
========================================================================
Received Import Request.
  Time since last request: 734.962584 seconds.
  path: Assets/Scenes/Swedish Flag.unity
  artifactKey: Guid(cfaddc3fb378ecf4b8c7a56f25229442) Importer(815301076,1909f56bfc062723c751e8b465ee728b)
Start importing Assets/Scenes/Swedish Flag.unity using Guid(cfaddc3fb378ecf4b8c7a56f25229442) Importer(815301076,1909f56bfc062723c751e8b465ee728b)  -> (artifact id: 'ea18c583890d8425211280e3ef5cfd5f') in 0.021312 seconds 
========================================================================
Received Import Request.
  Time since last request: 11.460009 seconds.
  path: Assets/Scenes/Swedish Flag.unity
  artifactKey: Guid(cfaddc3fb378ecf4b8c7a56f25229442) Importer(815301076,1909f56bfc062723c751e8b465ee728b)
Start importing Assets/Scenes/Swedish Flag.unity using Guid(cfaddc3fb378ecf4b8c7a56f25229442) Importer(815301076,1909f56bfc062723c751e8b465ee728b)  -> (artifact id: 'fb38783279bbcc2a6dc8d7c82a57a4d5') in 0.004174 seconds 
========================================================================
Received Prepare
Registering precompiled user dll's ...
Registered in 0.007913 seconds.
Begin MonoManager ReloadAssembly
Symbol file LoadedFromMemory doesn't match image C:\Users\soder\Projects\Petter-Imp-Game-2\Library\PackageCache\com.unity.visualscripting@1.6.1\Editor\VisualScripting.Core\Dependencies\YamlDotNet\Unity.VisualScripting.YamlDotNet.dll
Symbol file LoadedFromMemory doesn't match image C:\Users\soder\Projects\Petter-Imp-Game-2\Library\PackageCache\com.unity.visualscripting@1.6.1\Editor\VisualScripting.Core\Dependencies\DotNetZip\Unity.VisualScripting.IonicZip.dll
Native extension for WindowsStandalone target not found
Refreshing native plugins compatible for Editor in 0.82 ms, found 3 plugins.
Preloading 0 native plugins for Editor in 0.00 ms.
Mono: successfully reloaded assembly
- Completed reload, in  1.947 seconds
Domain Reload Profiling:
	ReloadAssembly (1947ms)
		BeginReloadAssembly (212ms)
			ExecutionOrderSort (0ms)
			DisableScriptedObjects (8ms)
			BackupInstance (0ms)
			ReleaseScriptingObjects (0ms)
			CreateAndSetChildDomain (57ms)
		EndReloadAssembly (1613ms)
			LoadAssemblies (188ms)
			RebuildTransferFunctionScriptingTraits (0ms)
			SetupTypeCache (587ms)
			ReleaseScriptCaches (2ms)
			RebuildScriptCaches (68ms)
			SetupLoadedEditorAssemblies (538ms)
				LogAssemblyErrors (0ms)
				InitializePlatformSupportModulesInManaged (9ms)
				SetLoadedEditorAssemblies (1ms)
				RefreshPlugins (1ms)
				BeforeProcessingInitializeOnLoad (99ms)
				ProcessInitializeOnLoadAttributes (406ms)
				ProcessInitializeOnLoadMethodAttributes (9ms)
				AfterProcessingInitializeOnLoad (13ms)
				EditorAssembliesLoaded (1ms)
			ExecutionOrderSort2 (0ms)
			AwakeInstancesAfterBackupRestoration (13ms)
Platform modules already initialized, skipping
Refreshing native plugins compatible for Editor in 0.85 ms, found 3 plugins.
Preloading 0 native plugins for Editor in 0.00 ms.
Unloading 2943 Unused Serialized files (Serialized files now loaded: 0)
System memory in use before: 110.2 MB.
System memory in use after: 110.5 MB.

Unloading 15 unused Assets to reduce memory usage. Loaded Objects now: 3456.
Total: 4.073400 ms (FindLiveObjects: 0.346000 ms CreateObjectMapping: 0.233800 ms MarkObjects: 3.472000 ms  DeleteObjects: 0.020100 ms)

AssetImportParameters requested are different than current active one (requested -> active):
  custom:framework-win-MediaFoundation: 216162199b28c13a410421893ffa2e32 -> 
  custom:video-decoder-ogg-theora: a1e56fd34408186e4bbccfd4996cb3dc -> 
  custom:container-muxer-webm: aa71ff27fc2769a1b78a27578f13a17b -> 
  custom:container-demuxer-webm: 4f35f7cbe854078d1ac9338744f61a02 -> 
  custom:container-demuxer-ogg: 62fdf1f143b41e24485cea50d1cbac27 -> 
  custom:video-encoder-webm-vp8: eb34c28f22e8b96e1ab97ce403110664 -> 
  custom:video-codec-MediaFoundation-h265: 746d11721c4dcdbdad8f713fa42b33f4 -> 
  custom:video-decoder-webm-vp8: 9c59270c3fd7afecdb556c50c9e8de78 -> 
  custom:audio-decoder-ogg-vorbis: bf7c407c2cedff20999df2af8eb42d56 -> 
  custom:audio-encoder-webm-vorbis: bf7c407c2cedff20999df2af8eb42d56 -> 
========================================================================
Received Prepare
Registering precompiled user dll's ...
Registered in 0.008404 seconds.
Begin MonoManager ReloadAssembly
Symbol file LoadedFromMemory doesn't match image C:\Users\soder\Projects\Petter-Imp-Game-2\Library\PackageCache\com.unity.visualscripting@1.6.1\Editor\VisualScripting.Core\Dependencies\YamlDotNet\Unity.VisualScripting.YamlDotNet.dll
Symbol file LoadedFromMemory doesn't match image C:\Users\soder\Projects\Petter-Imp-Game-2\Library\PackageCache\com.unity.visualscripting@1.6.1\Editor\VisualScripting.Core\Dependencies\DotNetZip\Unity.VisualScripting.IonicZip.dll
Native extension for WindowsStandalone target not found
Refreshing native plugins compatible for Editor in 0.89 ms, found 3 plugins.
Preloading 0 native plugins for Editor in 0.00 ms.
Mono: successfully reloaded assembly
- Completed reload, in  1.891 seconds
Domain Reload Profiling:
	ReloadAssembly (1892ms)
		BeginReloadAssembly (207ms)
			ExecutionOrderSort (0ms)
			DisableScriptedObjects (9ms)
			BackupInstance (0ms)
			ReleaseScriptingObjects (0ms)
			CreateAndSetChildDomain (60ms)
		EndReloadAssembly (1561ms)
			LoadAssemblies (181ms)
			RebuildTransferFunctionScriptingTraits (0ms)
			SetupTypeCache (603ms)
			ReleaseScriptCaches (2ms)
			RebuildScriptCaches (67ms)
			SetupLoadedEditorAssemblies (546ms)
				LogAssemblyErrors (0ms)
				InitializePlatformSupportModulesInManaged (10ms)
				SetLoadedEditorAssemblies (1ms)
				RefreshPlugins (1ms)
				BeforeProcessingInitializeOnLoad (103ms)
				ProcessInitializeOnLoadAttributes (410ms)
				ProcessInitializeOnLoadMethodAttributes (8ms)
				AfterProcessingInitializeOnLoad (13ms)
				EditorAssembliesLoaded (1ms)
			ExecutionOrderSort2 (0ms)
			AwakeInstancesAfterBackupRestoration (14ms)
Platform modules already initialized, skipping
Refreshing native plugins compatible for Editor in 1.01 ms, found 3 plugins.
Preloading 0 native plugins for Editor in 0.00 ms.
Unloading 2943 Unused Serialized files (Serialized files now loaded: 0)
System memory in use before: 110.3 MB.
System memory in use after: 110.5 MB.

Unloading 15 unused Assets to reduce memory usage. Loaded Objects now: 3458.
Total: 5.064100 ms (FindLiveObjects: 0.293500 ms CreateObjectMapping: 0.139400 ms MarkObjects: 4.582500 ms  DeleteObjects: 0.046900 ms)

AssetImportParameters requested are different than current active one (requested -> active):
  custom:framework-win-MediaFoundation: 216162199b28c13a410421893ffa2e32 -> 
  custom:video-decoder-ogg-theora: a1e56fd34408186e4bbccfd4996cb3dc -> 
  custom:container-muxer-webm: aa71ff27fc2769a1b78a27578f13a17b -> 
  custom:container-demuxer-webm: 4f35f7cbe854078d1ac9338744f61a02 -> 
  custom:container-demuxer-ogg: 62fdf1f143b41e24485cea50d1cbac27 -> 
  custom:video-encoder-webm-vp8: eb34c28f22e8b96e1ab97ce403110664 -> 
  custom:video-codec-MediaFoundation-h265: 746d11721c4dcdbdad8f713fa42b33f4 -> 
  custom:video-decoder-webm-vp8: 9c59270c3fd7afecdb556c50c9e8de78 -> 
  custom:audio-decoder-ogg-vorbis: bf7c407c2cedff20999df2af8eb42d56 -> 
  custom:audio-encoder-webm-vorbis: bf7c407c2cedff20999df2af8eb42d56 -> 
========================================================================
Received Import Request.
  Time since last request: 766.666056 seconds.
  path: Assets/Tree.prefab
  artifactKey: Guid(b635844c9219f8f41bb4bb9de14e9cc9) Importer(2089858483,934ff659095e30574adcf32a4c2f97b5)
Start importing Assets/Tree.prefab using Guid(b635844c9219f8f41bb4bb9de14e9cc9) Importer(2089858483,934ff659095e30574adcf32a4c2f97b5)  -> (artifact id: '14f2c6ebdf2ab962808c34d175e1c86b') in 0.173661 seconds 
========================================================================
Received Import Request.
  Time since last request: 0.000387 seconds.
  path: Assets/ScriptGraph/You lose!.asset
  artifactKey: Guid(8ba86a319200b9f4189a928eb81248bb) Importer(2089858483,934ff659095e30574adcf32a4c2f97b5)
Start importing Assets/ScriptGraph/You lose!.asset using Guid(8ba86a319200b9f4189a928eb81248bb) Importer(2089858483,934ff659095e30574adcf32a4c2f97b5)  -> (artifact id: 'a31f691805164c1b8dcf3da751946f36') in 1.380744 seconds 
========================================================================
Received Import Request.
  Time since last request: 0.000463 seconds.
  path: Assets/Materials/Rock.mat
  artifactKey: Guid(3f365281d3d738745b0b6af3486d89b4) Importer(2089858483,934ff659095e30574adcf32a4c2f97b5)
Start importing Assets/Materials/Rock.mat using Guid(3f365281d3d738745b0b6af3486d89b4) Importer(2089858483,934ff659095e30574adcf32a4c2f97b5)  -> (artifact id: '97df1e9a816bf8b94a3acdad9299818a') in 0.057288 seconds 
========================================================================
Received Import Request.
  Time since last request: 0.000444 seconds.
  path: Assets/Tree_Textures/normal_specular.png
  artifactKey: Guid(5194da06c4339ac45b961f22639601be) Importer(2089858483,934ff659095e30574adcf32a4c2f97b5)
Start importing Assets/Tree_Textures/normal_specular.png using Guid(5194da06c4339ac45b961f22639601be) Importer(2089858483,934ff659095e30574adcf32a4c2f97b5)  -> (artifact id: '8868632d029191257b9e49143041f1f8') in 0.198464 seconds 
========================================================================
Received Import Request.
  Time since last request: 0.001006 seconds.
  path: Assets/Prefabs/Flag.prefab
  artifactKey: Guid(da0dc487f4d9e4648b444eae1261d413) Importer(2089858483,934ff659095e30574adcf32a4c2f97b5)
Start importing Assets/Prefabs/Flag.prefab using Guid(da0dc487f4d9e4648b444eae1261d413) Importer(2089858483,934ff659095e30574adcf32a4c2f97b5)  -> (artifact id: 'a77872e986122d6e2bad5231809165d5') in 0.017392 seconds 
========================================================================
Received Import Request.
  Time since last request: 0.002707 seconds.
  path: Assets/Unity.VisualScripting.Generated/VisualScripting.Flow/UnitOptions.db
  artifactKey: Guid(feff5d1cfc98a3f429ba6fc366e0c76e) Importer(2089858483,934ff659095e30574adcf32a4c2f97b5)
Start importing Assets/Unity.VisualScripting.Generated/VisualScripting.Flow/UnitOptions.db using Guid(feff5d1cfc98a3f429ba6fc366e0c76e) Importer(2089858483,934ff659095e30574adcf32a4c2f97b5)  -> (artifact id: '1644424a69bd0f7eed277a0c60bfd876') in 0.038341 seconds 
========================================================================
Received Import Request.
  Time since last request: 0.000593 seconds.
  path: Assets/Prefabs/FloorTile.prefab
  artifactKey: Guid(67a63d4fc514c0d418860fb6e6ad7b5d) Importer(2089858483,934ff659095e30574adcf32a4c2f97b5)
Start importing Assets/Prefabs/FloorTile.prefab using Guid(67a63d4fc514c0d418860fb6e6ad7b5d) Importer(2089858483,934ff659095e30574adcf32a4c2f97b5)  -> (artifact id: '71815fbe6c3b809ce15d4e4482b7d4cd') in 0.017762 seconds 
========================================================================
Received Import Request.
  Time since last request: 0.002236 seconds.
  path: Assets/Materials/FloorDirt.mat
  artifactKey: Guid(c8a1745b03e79994f88339567b188a7d) Importer(2089858483,934ff659095e30574adcf32a4c2f97b5)
Start importing Assets/Materials/FloorDirt.mat using Guid(c8a1745b03e79994f88339567b188a7d) Importer(2089858483,934ff659095e30574adcf32a4c2f97b5)  -> (artifact id: 'a1058ec1fb36265a82153de607790161') in 0.060263 seconds 
========================================================================
Received Import Request.
  Time since last request: 0.001011 seconds.
  path: Assets/Tree_Textures/shadow.png
  artifactKey: Guid(9427e0ae7d2de444183ccb952fa99e0d) Importer(2089858483,934ff659095e30574adcf32a4c2f97b5)
Start importing Assets/Tree_Textures/shadow.png using Guid(9427e0ae7d2de444183ccb952fa99e0d) Importer(2089858483,934ff659095e30574adcf32a4c2f97b5)  -> (artifact id: '986e8855c63d0bdf63b92b333e421b09') in 0.023254 seconds 
========================================================================
Received Import Request.
  Time since last request: 0.000776 seconds.
  path: Assets/Tree_Textures/translucency_gloss.png
  artifactKey: Guid(c2e8df1bfff562d4e9146baff19b9907) Importer(2089858483,934ff659095e30574adcf32a4c2f97b5)
Start importing Assets/Tree_Textures/translucency_gloss.png using Guid(c2e8df1bfff562d4e9146baff19b9907) Importer(2089858483,934ff659095e30574adcf32a4c2f97b5)  -> (artifact id: 'a3e2cc85b5b2bbf95536c7b13c720518') in 0.019243 seconds 
========================================================================
Received Import Request.
  Time since last request: 0.000764 seconds.
  path: Assets/Materials/Grass.mat
  artifactKey: Guid(61ad2c92f1c288a42a6931aa4042de6d) Importer(2089858483,934ff659095e30574adcf32a4c2f97b5)
Start importing Assets/Materials/Grass.mat using Guid(61ad2c92f1c288a42a6931aa4042de6d) Importer(2089858483,934ff659095e30574adcf32a4c2f97b5)  -> (artifact id: 'e18d175c6ba0dd7c710d9c052316ee5c') in 0.015912 seconds 
========================================================================
Received Import Request.
  Time since last request: 0.000318 seconds.
  path: Assets/Materials/Flag.mat
  artifactKey: Guid(3b8bd3b3a63bf0b4ca1e666fda200239) Importer(2089858483,934ff659095e30574adcf32a4c2f97b5)
Start importing Assets/Materials/Flag.mat using Guid(3b8bd3b3a63bf0b4ca1e666fda200239) Importer(2089858483,934ff659095e30574adcf32a4c2f97b5)  -> (artifact id: '5ba6e0aaf51feac35113cf0eb6a8dea1') in 0.011746 seconds 
========================================================================
Received Import Request.
  Time since last request: 0.000411 seconds.
  path: Assets/Scenes/SampleScene.unity
  artifactKey: Guid(9fc0d4010bbf28b4594072e72b8655ab) Importer(2089858483,934ff659095e30574adcf32a4c2f97b5)
Start importing Assets/Scenes/SampleScene.unity using Guid(9fc0d4010bbf28b4594072e72b8655ab) Importer(2089858483,934ff659095e30574adcf32a4c2f97b5)  -> (artifact id: '122a6b0983b6332b09f7840adc5e5434') in 0.008769 seconds 
========================================================================
Received Import Request.
  Time since last request: 0.000779 seconds.
  path: Assets/ScriptGraph/PlayerMove.asset
  artifactKey: Guid(1cb7208e304770346ac025aaf5b9a359) Importer(2089858483,934ff659095e30574adcf32a4c2f97b5)
Start importing Assets/ScriptGraph/PlayerMove.asset using Guid(1cb7208e304770346ac025aaf5b9a359) Importer(2089858483,934ff659095e30574adcf32a4c2f97b5)  -> (artifact id: '8d679f7cc895b28a627e7f1dfab06a53') in 0.060048 seconds 
========================================================================
Received Import Request.
  Time since last request: 0.006961 seconds.
  path: Assets/Scenes/Swedish Flag.unity
  artifactKey: Guid(cfaddc3fb378ecf4b8c7a56f25229442) Importer(2089858483,934ff659095e30574adcf32a4c2f97b5)
Start importing Assets/Scenes/Swedish Flag.unity using Guid(cfaddc3fb378ecf4b8c7a56f25229442) Importer(2089858483,934ff659095e30574adcf32a4c2f97b5)  -> (artifact id: 'd0d18bc5bae32933035c0f4cb79d8bfa') in 0.019739 seconds 
========================================================================
Received Import Request.
  Time since last request: 0.000800 seconds.
  path: Assets/Tree_Textures/diffuse.png
  artifactKey: Guid(2067a0896718a2d4393417577863fc8a) Importer(2089858483,934ff659095e30574adcf32a4c2f97b5)
Start importing Assets/Tree_Textures/diffuse.png using Guid(2067a0896718a2d4393417577863fc8a) Importer(2089858483,934ff659095e30574adcf32a4c2f97b5)  -> (artifact id: '9456f2dbe96ed1455af6bf719ee223ec') in 0.061650 seconds 
========================================================================
Received Import Request.
  Time since last request: 0.000369 seconds.
  path: Assets/Materials/Pole.mat
  artifactKey: Guid(03bdde5a5c67dc54eae7b61e7c00eee1) Importer(2089858483,934ff659095e30574adcf32a4c2f97b5)
Start importing Assets/Materials/Pole.mat using Guid(03bdde5a5c67dc54eae7b61e7c00eee1) Importer(2089858483,934ff659095e30574adcf32a4c2f97b5)  -> (artifact id: 'b67fe02c43a39590e9496aef4916fb3d') in 0.034405 seconds 
========================================================================
Received Import Request.
  Time since last request: 0.000487 seconds.
  path: Assets/ScriptGraph/You win!.asset
  artifactKey: Guid(e6a385d95a2394047a61443916f604de) Importer(2089858483,934ff659095e30574adcf32a4c2f97b5)
Start importing Assets/ScriptGraph/You win!.asset using Guid(e6a385d95a2394047a61443916f604de) Importer(2089858483,934ff659095e30574adcf32a4c2f97b5)  -> (artifact id: '4d35a162d3abe7ea7439a8215476732d') in 0.042320 seconds 
========================================================================
Received Prepare
Registering precompiled user dll's ...
Registered in 0.010206 seconds.
Begin MonoManager ReloadAssembly
Symbol file LoadedFromMemory doesn't match image C:\Users\soder\Projects\Petter-Imp-Game-2\Library\PackageCache\com.unity.visualscripting@1.6.1\Editor\VisualScripting.Core\Dependencies\YamlDotNet\Unity.VisualScripting.YamlDotNet.dll
Symbol file LoadedFromMemory doesn't match image C:\Users\soder\Projects\Petter-Imp-Game-2\Library\PackageCache\com.unity.visualscripting@1.6.1\Editor\VisualScripting.Core\Dependencies\DotNetZip\Unity.VisualScripting.IonicZip.dll
Native extension for WindowsStandalone target not found
Refreshing native plugins compatible for Editor in 0.89 ms, found 3 plugins.
Preloading 0 native plugins for Editor in 0.00 ms.
Mono: successfully reloaded assembly
- Completed reload, in  2.052 seconds
Domain Reload Profiling:
	ReloadAssembly (2053ms)
		BeginReloadAssembly (214ms)
			ExecutionOrderSort (0ms)
			DisableScriptedObjects (11ms)
			BackupInstance (0ms)
			ReleaseScriptingObjects (0ms)
			CreateAndSetChildDomain (79ms)
		EndReloadAssembly (1716ms)
			LoadAssemblies (175ms)
			RebuildTransferFunctionScriptingTraits (0ms)
			SetupTypeCache (750ms)
			ReleaseScriptCaches (2ms)
			RebuildScriptCaches (69ms)
			SetupLoadedEditorAssemblies (541ms)
				LogAssemblyErrors (0ms)
				InitializePlatformSupportModulesInManaged (10ms)
				SetLoadedEditorAssemblies (1ms)
				RefreshPlugins (1ms)
				BeforeProcessingInitializeOnLoad (101ms)
				ProcessInitializeOnLoadAttributes (406ms)
				ProcessInitializeOnLoadMethodAttributes (8ms)
				AfterProcessingInitializeOnLoad (13ms)
				EditorAssembliesLoaded (1ms)
			ExecutionOrderSort2 (0ms)
			AwakeInstancesAfterBackupRestoration (18ms)
Platform modules already initialized, skipping
Refreshing native plugins compatible for Editor in 2.21 ms, found 3 plugins.
Preloading 0 native plugins for Editor in 0.00 ms.
Unloading 2943 Unused Serialized files (Serialized files now loaded: 0)
System memory in use before: 110.3 MB.
System memory in use after: 110.5 MB.

Unloading 15 unused Assets to reduce memory usage. Loaded Objects now: 3460.
Total: 7.493900 ms (FindLiveObjects: 0.328300 ms CreateObjectMapping: 0.150300 ms MarkObjects: 6.953400 ms  DeleteObjects: 0.059100 ms)

AssetImportParameters requested are different than current active one (requested -> active):
  custom:framework-win-MediaFoundation: 216162199b28c13a410421893ffa2e32 -> 
  custom:video-decoder-ogg-theora: a1e56fd34408186e4bbccfd4996cb3dc -> 
  custom:container-muxer-webm: aa71ff27fc2769a1b78a27578f13a17b -> 
  custom:container-demuxer-webm: 4f35f7cbe854078d1ac9338744f61a02 -> 
  custom:container-demuxer-ogg: 62fdf1f143b41e24485cea50d1cbac27 -> 
  custom:video-encoder-webm-vp8: eb34c28f22e8b96e1ab97ce403110664 -> 
  custom:video-codec-MediaFoundation-h265: 746d11721c4dcdbdad8f713fa42b33f4 -> 
  custom:video-decoder-webm-vp8: 9c59270c3fd7afecdb556c50c9e8de78 -> 
  custom:audio-decoder-ogg-vorbis: bf7c407c2cedff20999df2af8eb42d56 -> 
  custom:audio-encoder-webm-vorbis: bf7c407c2cedff20999df2af8eb42d56 -> 
========================================================================
Received Import Request.
  Time since last request: 80164.396159 seconds.
  path: Assets/ScriptGraph/NewBehaviourScript.cs
  artifactKey: Guid(e8be684ab3eb7ad458a06af651ed71d2) Importer(815301076,1909f56bfc062723c751e8b465ee728b)
Start importing Assets/ScriptGraph/NewBehaviourScript.cs using Guid(e8be684ab3eb7ad458a06af651ed71d2) Importer(815301076,1909f56bfc062723c751e8b465ee728b)  -> (artifact id: '0759cbe5b6a977bca539b92b0688259d') in 0.048004 seconds 
========================================================================
Received Prepare
Registering precompiled user dll's ...
Registered in 0.015862 seconds.
Begin MonoManager ReloadAssembly
Symbol file LoadedFromMemory doesn't match image C:\Users\soder\Projects\Petter-Imp-Game-2\Library\PackageCache\com.unity.visualscripting@1.6.1\Editor\VisualScripting.Core\Dependencies\YamlDotNet\Unity.VisualScripting.YamlDotNet.dll
Symbol file LoadedFromMemory doesn't match image C:\Users\soder\Projects\Petter-Imp-Game-2\Library\PackageCache\com.unity.visualscripting@1.6.1\Editor\VisualScripting.Core\Dependencies\DotNetZip\Unity.VisualScripting.IonicZip.dll
Native extension for WindowsStandalone target not found
Refreshing native plugins compatible for Editor in 1.30 ms, found 3 plugins.
Preloading 0 native plugins for Editor in 0.00 ms.
Mono: successfully reloaded assembly
- Completed reload, in  3.489 seconds
Domain Reload Profiling:
	ReloadAssembly (3489ms)
		BeginReloadAssembly (268ms)
			ExecutionOrderSort (0ms)
			DisableScriptedObjects (12ms)
			BackupInstance (0ms)
			ReleaseScriptingObjects (0ms)
			CreateAndSetChildDomain (87ms)
		EndReloadAssembly (3061ms)
			LoadAssemblies (310ms)
			RebuildTransferFunctionScriptingTraits (0ms)
			SetupTypeCache (1509ms)
			ReleaseScriptCaches (3ms)
			RebuildScriptCaches (116ms)
			SetupLoadedEditorAssemblies (800ms)
				LogAssemblyErrors (0ms)
				InitializePlatformSupportModulesInManaged (15ms)
				SetLoadedEditorAssemblies (1ms)
				RefreshPlugins (1ms)
				BeforeProcessingInitializeOnLoad (162ms)
				ProcessInitializeOnLoadAttributes (581ms)
				ProcessInitializeOnLoadMethodAttributes (14ms)
				AfterProcessingInitializeOnLoad (24ms)
				EditorAssembliesLoaded (1ms)
			ExecutionOrderSort2 (0ms)
			AwakeInstancesAfterBackupRestoration (22ms)
Platform modules already initialized, skipping
Refreshing native plugins compatible for Editor in 1.41 ms, found 3 plugins.
Preloading 0 native plugins for Editor in 0.00 ms.
Unloading 2944 Unused Serialized files (Serialized files now loaded: 0)
System memory in use before: 110.3 MB.
System memory in use after: 110.5 MB.

Unloading 15 unused Assets to reduce memory usage. Loaded Objects now: 3463.
Total: 7.651200 ms (FindLiveObjects: 0.439700 ms CreateObjectMapping: 0.256100 ms MarkObjects: 6.881600 ms  DeleteObjects: 0.040800 ms)

AssetImportParameters requested are different than current active one (requested -> active):
  custom:framework-win-MediaFoundation: 216162199b28c13a410421893ffa2e32 -> 
  custom:video-decoder-ogg-theora: a1e56fd34408186e4bbccfd4996cb3dc -> 
  custom:container-muxer-webm: aa71ff27fc2769a1b78a27578f13a17b -> 
  custom:container-demuxer-webm: 4f35f7cbe854078d1ac9338744f61a02 -> 
  custom:container-demuxer-ogg: 62fdf1f143b41e24485cea50d1cbac27 -> 
  custom:video-encoder-webm-vp8: eb34c28f22e8b96e1ab97ce403110664 -> 
  custom:video-codec-MediaFoundation-h265: 746d11721c4dcdbdad8f713fa42b33f4 -> 
  custom:video-decoder-webm-vp8: 9c59270c3fd7afecdb556c50c9e8de78 -> 
  custom:audio-decoder-ogg-vorbis: bf7c407c2cedff20999df2af8eb42d56 -> 
  custom:audio-encoder-webm-vorbis: bf7c407c2cedff20999df2af8eb42d56 -> 
========================================================================
Received Prepare
Registering precompiled user dll's ...
Registered in 0.009124 seconds.
Begin MonoManager ReloadAssembly
Symbol file LoadedFromMemory doesn't match image C:\Users\soder\Projects\Petter-Imp-Game-2\Library\PackageCache\com.unity.visualscripting@1.6.1\Editor\VisualScripting.Core\Dependencies\YamlDotNet\Unity.VisualScripting.YamlDotNet.dll
Symbol file LoadedFromMemory doesn't match image C:\Users\soder\Projects\Petter-Imp-Game-2\Library\PackageCache\com.unity.visualscripting@1.6.1\Editor\VisualScripting.Core\Dependencies\DotNetZip\Unity.VisualScripting.IonicZip.dll
Native extension for WindowsStandalone target not found
Refreshing native plugins compatible for Editor in 1.27 ms, found 3 plugins.
Preloading 0 native plugins for Editor in 0.00 ms.
Mono: successfully reloaded assembly
- Completed reload, in  3.606 seconds
Domain Reload Profiling:
	ReloadAssembly (3607ms)
		BeginReloadAssembly (288ms)
			ExecutionOrderSort (0ms)
			DisableScriptedObjects (13ms)
			BackupInstance (0ms)
			ReleaseScriptingObjects (0ms)
			CreateAndSetChildDomain (80ms)
		EndReloadAssembly (3151ms)
			LoadAssemblies (344ms)
			RebuildTransferFunctionScriptingTraits (0ms)
			SetupTypeCache (1439ms)
			ReleaseScriptCaches (2ms)
			RebuildScriptCaches (116ms)
			SetupLoadedEditorAssemblies (931ms)
				LogAssemblyErrors (0ms)
				InitializePlatformSupportModulesInManaged (15ms)
				SetLoadedEditorAssemblies (1ms)
				RefreshPlugins (1ms)
				BeforeProcessingInitializeOnLoad (175ms)
				ProcessInitializeOnLoadAttributes (703ms)
				ProcessInitializeOnLoadMethodAttributes (14ms)
				AfterProcessingInitializeOnLoad (21ms)
				EditorAssembliesLoaded (1ms)
			ExecutionOrderSort2 (0ms)
			AwakeInstancesAfterBackupRestoration (25ms)
Platform modules already initialized, skipping
Refreshing native plugins compatible for Editor in 1.27 ms, found 3 plugins.
Preloading 0 native plugins for Editor in 0.00 ms.
Unloading 2943 Unused Serialized files (Serialized files now loaded: 0)
System memory in use before: 110.3 MB.
System memory in use after: 110.5 MB.

Unloading 16 unused Assets to reduce memory usage. Loaded Objects now: 3464.
Total: 7.981300 ms (FindLiveObjects: 0.429300 ms CreateObjectMapping: 0.265900 ms MarkObjects: 7.247200 ms  DeleteObjects: 0.036300 ms)

AssetImportParameters requested are different than current active one (requested -> active):
  custom:framework-win-MediaFoundation: 216162199b28c13a410421893ffa2e32 -> 
  custom:video-decoder-ogg-theora: a1e56fd34408186e4bbccfd4996cb3dc -> 
  custom:container-muxer-webm: aa71ff27fc2769a1b78a27578f13a17b -> 
  custom:container-demuxer-webm: 4f35f7cbe854078d1ac9338744f61a02 -> 
  custom:container-demuxer-ogg: 62fdf1f143b41e24485cea50d1cbac27 -> 
  custom:video-encoder-webm-vp8: eb34c28f22e8b96e1ab97ce403110664 -> 
  custom:video-codec-MediaFoundation-h265: 746d11721c4dcdbdad8f713fa42b33f4 -> 
  custom:video-decoder-webm-vp8: 9c59270c3fd7afecdb556c50c9e8de78 -> 
  custom:audio-decoder-ogg-vorbis: bf7c407c2cedff20999df2af8eb42d56 -> 
  custom:audio-encoder-webm-vorbis: bf7c407c2cedff20999df2af8eb42d56 -> 
========================================================================
Received Import Request.
  Time since last request: 54.660426 seconds.
  path: Assets/ScriptGraph/PlayerMove 1.asset
  artifactKey: Guid(e9f2f5c921cd0454e8484971ab96fe20) Importer(815301076,1909f56bfc062723c751e8b465ee728b)
Start importing Assets/ScriptGraph/PlayerMove 1.asset using Guid(e9f2f5c921cd0454e8484971ab96fe20) Importer(815301076,1909f56bfc062723c751e8b465ee728b)  -> (artifact id: '697804d4cebcb9a60dd05aa19e7cd6d8') in 1.471934 seconds 
========================================================================
Received Import Request.
  Time since last request: 19.846795 seconds.
  path: Assets/ScriptGraph/PlayerJump.asset
  artifactKey: Guid(e9f2f5c921cd0454e8484971ab96fe20) Importer(815301076,1909f56bfc062723c751e8b465ee728b)
Start importing Assets/ScriptGraph/PlayerJump.asset using Guid(e9f2f5c921cd0454e8484971ab96fe20) Importer(815301076,1909f56bfc062723c751e8b465ee728b)  -> (artifact id: '7a06a82e4227b479cf58413fc081f232') in 0.009270 seconds 
========================================================================
Received Prepare
Registering precompiled user dll's ...
Registered in 0.023150 seconds.
Begin MonoManager ReloadAssembly
Symbol file LoadedFromMemory doesn't match image C:\Users\soder\Projects\Petter-Imp-Game-2\Library\PackageCache\com.unity.visualscripting@1.6.1\Editor\VisualScripting.Core\Dependencies\YamlDotNet\Unity.VisualScripting.YamlDotNet.dll
Symbol file LoadedFromMemory doesn't match image C:\Users\soder\Projects\Petter-Imp-Game-2\Library\PackageCache\com.unity.visualscripting@1.6.1\Editor\VisualScripting.Core\Dependencies\DotNetZip\Unity.VisualScripting.IonicZip.dll
Native extension for WindowsStandalone target not found
Refreshing native plugins compatible for Editor in 1.34 ms, found 3 plugins.
Preloading 0 native plugins for Editor in 0.00 ms.
Mono: successfully reloaded assembly
- Completed reload, in  5.156 seconds
Domain Reload Profiling:
	ReloadAssembly (5157ms)
		BeginReloadAssembly (805ms)
			ExecutionOrderSort (0ms)
			DisableScriptedObjects (13ms)
			BackupInstance (0ms)
			ReleaseScriptingObjects (0ms)
			CreateAndSetChildDomain (179ms)
		EndReloadAssembly (4169ms)
			LoadAssemblies (330ms)
			RebuildTransferFunctionScriptingTraits (0ms)
			SetupTypeCache (2387ms)
			ReleaseScriptCaches (4ms)
			RebuildScriptCaches (120ms)
			SetupLoadedEditorAssemblies (895ms)
				LogAssemblyErrors (0ms)
				InitializePlatformSupportModulesInManaged (17ms)
				SetLoadedEditorAssemblies (1ms)
				RefreshPlugins (1ms)
				BeforeProcessingInitializeOnLoad (157ms)
				ProcessInitializeOnLoadAttributes (690ms)
				ProcessInitializeOnLoadMethodAttributes (9ms)
				AfterProcessingInitializeOnLoad (19ms)
				EditorAssembliesLoaded (1ms)
			ExecutionOrderSort2 (0ms)
			AwakeInstancesAfterBackupRestoration (28ms)
Platform modules already initialized, skipping
Refreshing native plugins compatible for Editor in 1.32 ms, found 3 plugins.
Preloading 0 native plugins for Editor in 0.00 ms.
Unloading 2943 Unused Serialized files (Serialized files now loaded: 0)
System memory in use before: 110.3 MB.
System memory in use after: 110.5 MB.

Unloading 15 unused Assets to reduce memory usage. Loaded Objects now: 3466.
Total: 7.504500 ms (FindLiveObjects: 0.640200 ms CreateObjectMapping: 0.558000 ms MarkObjects: 6.269400 ms  DeleteObjects: 0.034400 ms)

AssetImportParameters requested are different than current active one (requested -> active):
  custom:framework-win-MediaFoundation: 216162199b28c13a410421893ffa2e32 -> 
  custom:video-decoder-ogg-theora: a1e56fd34408186e4bbccfd4996cb3dc -> 
  custom:container-muxer-webm: aa71ff27fc2769a1b78a27578f13a17b -> 
  custom:container-demuxer-webm: 4f35f7cbe854078d1ac9338744f61a02 -> 
  custom:container-demuxer-ogg: 62fdf1f143b41e24485cea50d1cbac27 -> 
  custom:video-encoder-webm-vp8: eb34c28f22e8b96e1ab97ce403110664 -> 
  custom:video-codec-MediaFoundation-h265: 746d11721c4dcdbdad8f713fa42b33f4 -> 
  custom:video-decoder-webm-vp8: 9c59270c3fd7afecdb556c50c9e8de78 -> 
  custom:audio-decoder-ogg-vorbis: bf7c407c2cedff20999df2af8eb42d56 -> 
  custom:audio-encoder-webm-vorbis: bf7c407c2cedff20999df2af8eb42d56 -> 
========================================================================
Received Import Request.
  Time since last request: 420.455880 seconds.
  path: Assets/ScriptGraph/PlayerJump.asset
  artifactKey: Guid(e9f2f5c921cd0454e8484971ab96fe20) Importer(815301076,1909f56bfc062723c751e8b465ee728b)
Start importing Assets/ScriptGraph/PlayerJump.asset using Guid(e9f2f5c921cd0454e8484971ab96fe20) Importer(815301076,1909f56bfc062723c751e8b465ee728b)  -> (artifact id: '96f34923101b002112c9cf0761caa852') in 1.648941 seconds 
========================================================================
Received Prepare
Registering precompiled user dll's ...
Registered in 0.014082 seconds.
Begin MonoManager ReloadAssembly
Symbol file LoadedFromMemory doesn't match image C:\Users\soder\Projects\Petter-Imp-Game-2\Library\PackageCache\com.unity.visualscripting@1.6.1\Editor\VisualScripting.Core\Dependencies\YamlDotNet\Unity.VisualScripting.YamlDotNet.dll
Symbol file LoadedFromMemory doesn't match image C:\Users\soder\Projects\Petter-Imp-Game-2\Library\PackageCache\com.unity.visualscripting@1.6.1\Editor\VisualScripting.Core\Dependencies\DotNetZip\Unity.VisualScripting.IonicZip.dll
Native extension for WindowsStandalone target not found
Refreshing native plugins compatible for Editor in 2.08 ms, found 3 plugins.
Preloading 0 native plugins for Editor in 0.00 ms.
Mono: successfully reloaded assembly
- Completed reload, in  3.165 seconds
Domain Reload Profiling:
	ReloadAssembly (3167ms)
		BeginReloadAssembly (371ms)
			ExecutionOrderSort (0ms)
			DisableScriptedObjects (12ms)
			BackupInstance (0ms)
			ReleaseScriptingObjects (0ms)
			CreateAndSetChildDomain (150ms)
		EndReloadAssembly (2575ms)
			LoadAssemblies (298ms)
			RebuildTransferFunctionScriptingTraits (0ms)
			SetupTypeCache (991ms)
			ReleaseScriptCaches (2ms)
			RebuildScriptCaches (102ms)
			SetupLoadedEditorAssemblies (911ms)
				LogAssemblyErrors (0ms)
				InitializePlatformSupportModulesInManaged (13ms)
				SetLoadedEditorAssemblies (2ms)
				RefreshPlugins (2ms)
				BeforeProcessingInitializeOnLoad (146ms)
				ProcessInitializeOnLoadAttributes (699ms)
				ProcessInitializeOnLoadMethodAttributes (19ms)
				AfterProcessingInitializeOnLoad (28ms)
				EditorAssembliesLoaded (1ms)
			ExecutionOrderSort2 (0ms)
			AwakeInstancesAfterBackupRestoration (32ms)
Platform modules already initialized, skipping
Refreshing native plugins compatible for Editor in 2.25 ms, found 3 plugins.
Preloading 0 native plugins for Editor in 0.00 ms.
Unloading 2943 Unused Serialized files (Serialized files now loaded: 0)
System memory in use before: 110.3 MB.
System memory in use after: 110.5 MB.

Unloading 15 unused Assets to reduce memory usage. Loaded Objects now: 3468.
Total: 8.953900 ms (FindLiveObjects: 0.479700 ms CreateObjectMapping: 0.369800 ms MarkObjects: 8.023800 ms  DeleteObjects: 0.076200 ms)

AssetImportParameters requested are different than current active one (requested -> active):
  custom:framework-win-MediaFoundation: 216162199b28c13a410421893ffa2e32 -> 
  custom:video-decoder-ogg-theora: a1e56fd34408186e4bbccfd4996cb3dc -> 
  custom:container-muxer-webm: aa71ff27fc2769a1b78a27578f13a17b -> 
  custom:container-demuxer-webm: 4f35f7cbe854078d1ac9338744f61a02 -> 
  custom:container-demuxer-ogg: 62fdf1f143b41e24485cea50d1cbac27 -> 
  custom:video-encoder-webm-vp8: eb34c28f22e8b96e1ab97ce403110664 -> 
  custom:video-codec-MediaFoundation-h265: 746d11721c4dcdbdad8f713fa42b33f4 -> 
  custom:video-decoder-webm-vp8: 9c59270c3fd7afecdb556c50c9e8de78 -> 
  custom:audio-decoder-ogg-vorbis: bf7c407c2cedff20999df2af8eb42d56 -> 
  custom:audio-encoder-webm-vorbis: bf7c407c2cedff20999df2af8eb42d56 -> 
========================================================================
Received Import Request.
  Time since last request: 319.466645 seconds.
  path: Assets/ScriptGraph/PlayerJump.asset
  artifactKey: Guid(e9f2f5c921cd0454e8484971ab96fe20) Importer(815301076,1909f56bfc062723c751e8b465ee728b)
Start importing Assets/ScriptGraph/PlayerJump.asset using Guid(e9f2f5c921cd0454e8484971ab96fe20) Importer(815301076,1909f56bfc062723c751e8b465ee728b)  -> (artifact id: '68384e313faa2d351aaddbed9620d736') in 1.592880 seconds 
========================================================================
Received Prepare
Registering precompiled user dll's ...
Registered in 0.015093 seconds.
Begin MonoManager ReloadAssembly
Symbol file LoadedFromMemory doesn't match image C:\Users\soder\Projects\Petter-Imp-Game-2\Library\PackageCache\com.unity.visualscripting@1.6.1\Editor\VisualScripting.Core\Dependencies\YamlDotNet\Unity.VisualScripting.YamlDotNet.dll
Symbol file LoadedFromMemory doesn't match image C:\Users\soder\Projects\Petter-Imp-Game-2\Library\PackageCache\com.unity.visualscripting@1.6.1\Editor\VisualScripting.Core\Dependencies\DotNetZip\Unity.VisualScripting.IonicZip.dll
Native extension for WindowsStandalone target not found
Refreshing native plugins compatible for Editor in 1.09 ms, found 3 plugins.
Preloading 0 native plugins for Editor in 0.00 ms.
Mono: successfully reloaded assembly
- Completed reload, in  3.318 seconds
Domain Reload Profiling:
	ReloadAssembly (3319ms)
		BeginReloadAssembly (390ms)
			ExecutionOrderSort (0ms)
			DisableScriptedObjects (13ms)
			BackupInstance (0ms)
			ReleaseScriptingObjects (0ms)
			CreateAndSetChildDomain (149ms)
		EndReloadAssembly (2723ms)
			LoadAssemblies (293ms)
			RebuildTransferFunctionScriptingTraits (0ms)
			SetupTypeCache (1116ms)
			ReleaseScriptCaches (2ms)
			RebuildScriptCaches (101ms)
			SetupLoadedEditorAssemblies (914ms)
				LogAssemblyErrors (0ms)
				InitializePlatformSupportModulesInManaged (13ms)
				SetLoadedEditorAssemblies (2ms)
				RefreshPlugins (1ms)
				BeforeProcessingInitializeOnLoad (169ms)
				ProcessInitializeOnLoadAttributes (694ms)
				ProcessInitializeOnLoadMethodAttributes (13ms)
				AfterProcessingInitializeOnLoad (21ms)
				EditorAssembliesLoaded (1ms)
			ExecutionOrderSort2 (0ms)
			AwakeInstancesAfterBackupRestoration (20ms)
Platform modules already initialized, skipping
Refreshing native plugins compatible for Editor in 1.26 ms, found 3 plugins.
Preloading 0 native plugins for Editor in 0.00 ms.
Unloading 2943 Unused Serialized files (Serialized files now loaded: 0)
System memory in use before: 110.3 MB.
System memory in use after: 110.5 MB.

Unloading 15 unused Assets to reduce memory usage. Loaded Objects now: 3470.
Total: 8.024300 ms (FindLiveObjects: 0.380600 ms CreateObjectMapping: 0.306900 ms MarkObjects: 7.304900 ms  DeleteObjects: 0.029800 ms)

AssetImportParameters requested are different than current active one (requested -> active):
  custom:framework-win-MediaFoundation: 216162199b28c13a410421893ffa2e32 -> 
  custom:video-decoder-ogg-theora: a1e56fd34408186e4bbccfd4996cb3dc -> 
  custom:container-muxer-webm: aa71ff27fc2769a1b78a27578f13a17b -> 
  custom:container-demuxer-webm: 4f35f7cbe854078d1ac9338744f61a02 -> 
  custom:container-demuxer-ogg: 62fdf1f143b41e24485cea50d1cbac27 -> 
  custom:video-encoder-webm-vp8: eb34c28f22e8b96e1ab97ce403110664 -> 
  custom:video-codec-MediaFoundation-h265: 746d11721c4dcdbdad8f713fa42b33f4 -> 
  custom:video-decoder-webm-vp8: 9c59270c3fd7afecdb556c50c9e8de78 -> 
  custom:audio-decoder-ogg-vorbis: bf7c407c2cedff20999df2af8eb42d56 -> 
  custom:audio-encoder-webm-vorbis: bf7c407c2cedff20999df2af8eb42d56 -> 
========================================================================
Received Prepare
Registering precompiled user dll's ...
Registered in 0.011947 seconds.
Begin MonoManager ReloadAssembly
Symbol file LoadedFromMemory doesn't match image C:\Users\soder\Projects\Petter-Imp-Game-2\Library\PackageCache\com.unity.visualscripting@1.6.1\Editor\VisualScripting.Core\Dependencies\YamlDotNet\Unity.VisualScripting.YamlDotNet.dll
Symbol file LoadedFromMemory doesn't match image C:\Users\soder\Projects\Petter-Imp-Game-2\Library\PackageCache\com.unity.visualscripting@1.6.1\Editor\VisualScripting.Core\Dependencies\DotNetZip\Unity.VisualScripting.IonicZip.dll
Native extension for WindowsStandalone target not found
Refreshing native plugins compatible for Editor in 1.40 ms, found 3 plugins.
Preloading 0 native plugins for Editor in 0.00 ms.
Mono: successfully reloaded assembly
- Completed reload, in  3.215 seconds
Domain Reload Profiling:
	ReloadAssembly (3216ms)
		BeginReloadAssembly (304ms)
			ExecutionOrderSort (0ms)
			DisableScriptedObjects (13ms)
			BackupInstance (0ms)
			ReleaseScriptingObjects (0ms)
			CreateAndSetChildDomain (83ms)
		EndReloadAssembly (2719ms)
			LoadAssemblies (276ms)
			RebuildTransferFunctionScriptingTraits (0ms)
			SetupTypeCache (1023ms)
			ReleaseScriptCaches (3ms)
			RebuildScriptCaches (140ms)
			SetupLoadedEditorAssemblies (953ms)
				LogAssemblyErrors (0ms)
				InitializePlatformSupportModulesInManaged (16ms)
				SetLoadedEditorAssemblies (1ms)
				RefreshPlugins (2ms)
				BeforeProcessingInitializeOnLoad (185ms)
				ProcessInitializeOnLoadAttributes (711ms)
				ProcessInitializeOnLoadMethodAttributes (14ms)
				AfterProcessingInitializeOnLoad (24ms)
				EditorAssembliesLoaded (1ms)
			ExecutionOrderSort2 (0ms)
			AwakeInstancesAfterBackupRestoration (28ms)
Platform modules already initialized, skipping
Refreshing native plugins compatible for Editor in 1.27 ms, found 3 plugins.
Preloading 0 native plugins for Editor in 0.00 ms.
Unloading 2943 Unused Serialized files (Serialized files now loaded: 0)
System memory in use before: 110.3 MB.
System memory in use after: 110.5 MB.

Unloading 15 unused Assets to reduce memory usage. Loaded Objects now: 3472.
Total: 7.914400 ms (FindLiveObjects: 0.440400 ms CreateObjectMapping: 0.223900 ms MarkObjects: 7.214100 ms  DeleteObjects: 0.032600 ms)

AssetImportParameters requested are different than current active one (requested -> active):
  custom:framework-win-MediaFoundation: 216162199b28c13a410421893ffa2e32 -> 
  custom:video-decoder-ogg-theora: a1e56fd34408186e4bbccfd4996cb3dc -> 
  custom:container-muxer-webm: aa71ff27fc2769a1b78a27578f13a17b -> 
  custom:container-demuxer-webm: 4f35f7cbe854078d1ac9338744f61a02 -> 
  custom:container-demuxer-ogg: 62fdf1f143b41e24485cea50d1cbac27 -> 
  custom:video-encoder-webm-vp8: eb34c28f22e8b96e1ab97ce403110664 -> 
  custom:video-codec-MediaFoundation-h265: 746d11721c4dcdbdad8f713fa42b33f4 -> 
  custom:video-decoder-webm-vp8: 9c59270c3fd7afecdb556c50c9e8de78 -> 
  custom:audio-decoder-ogg-vorbis: bf7c407c2cedff20999df2af8eb42d56 -> 
  custom:audio-encoder-webm-vorbis: bf7c407c2cedff20999df2af8eb42d56 -> 
AssetImportWorkerClient::OnTransportError - code=2 error=End of file
